[debug] [2020-12-20T18:10:13.665Z] ----------------------------------------------------------------------
[debug] [2020-12-20T18:10:13.671Z] Command:       /usr/local/bin/node /usr/local/bin/firebase serve
[debug] [2020-12-20T18:10:13.672Z] CLI Version:   8.10.0
[debug] [2020-12-20T18:10:13.672Z] Platform:      darwin
[debug] [2020-12-20T18:10:13.672Z] Node Version:  v14.9.0
[debug] [2020-12-20T18:10:14.279Z] Time:          Sun Dec 20 2020 10:10:13 GMT-0800 (Pacific Standard Time)
[debug] [2020-12-20T18:10:14.279Z] ----------------------------------------------------------------------
[debug] [2020-12-20T18:10:14.280Z] 
[debug] [2020-12-20T18:10:15.127Z] > command requires scopes: ["email","openid","https://www.googleapis.com/auth/cloudplatformprojects.readonly","https://www.googleapis.com/auth/firebase","https://www.googleapis.com/auth/cloud-platform"]
[debug] [2020-12-20T18:10:15.128Z] > authorizing via signed-in user
[debug] [2020-12-20T18:10:15.128Z] [iam] checking project oba-dce9d for permissions ["firebase.projects.get"]
[debug] [2020-12-20T18:10:15.133Z] > refreshing access token with scopes: ["email","https://www.googleapis.com/auth/cloud-platform","https://www.googleapis.com/auth/cloudplatformprojects.readonly","https://www.googleapis.com/auth/firebase","openid"]
[debug] [2020-12-20T18:10:15.134Z] >>> HTTP REQUEST POST https://www.googleapis.com/oauth2/v3/token  
 <request body omitted>
[debug] [2020-12-20T18:10:16.368Z] <<< HTTP RESPONSE 200 {"date":"Sun, 20 Dec 2020 09:09:17 GMT","pragma":"no-cache","expires":"Mon, 01 Jan 1990 00:00:00 GMT","cache-control":"no-cache, no-store, max-age=0, must-revalidate","content-type":"application/json; charset=utf-8","vary":"X-Origin, Referer, Origin,Accept-Encoding","server":"scaffolding on HTTPServer2","x-xss-protection":"0","x-frame-options":"SAMEORIGIN","x-content-type-options":"nosniff","alt-svc":"h3-29=\":443\"; ma=2592000,h3-T051=\":443\"; ma=2592000,h3-Q050=\":443\"; ma=2592000,h3-Q046=\":443\"; ma=2592000,h3-Q043=\":443\"; ma=2592000,quic=\":443\"; ma=2592000; v=\"46,43\"","accept-ranges":"none","transfer-encoding":"chunked"}
[debug] [2020-12-20T18:10:36.102Z] >>> HTTP REQUEST POST https://cloudresourcemanager.googleapis.com/v1/projects/oba-dce9d:testIamPermissions  
 {"permissions":["firebase.projects.get"]}
[debug] [2020-12-20T18:10:37.582Z] <<< HTTP RESPONSE 200 {"content-type":"application/json; charset=UTF-8","vary":"X-Origin, Referer, Origin,Accept-Encoding","date":"Sun, 20 Dec 2020 09:09:38 GMT","server":"ESF","cache-control":"private","x-xss-protection":"0","x-frame-options":"SAMEORIGIN","x-content-type-options":"nosniff","server-timing":"gfet4t7; dur=1112","alt-svc":"h3-29=\":443\"; ma=2592000,h3-T051=\":443\"; ma=2592000,h3-Q050=\":443\"; ma=2592000,h3-Q046=\":443\"; ma=2592000,h3-Q043=\":443\"; ma=2592000,quic=\":443\"; ma=2592000; v=\"46,43\"","accept-ranges":"none","transfer-encoding":"chunked"}
[debug] [2020-12-20T18:10:37.584Z] >>> HTTP REQUEST GET https://firebase.googleapis.com/v1beta1/projects/oba-dce9d  
 
[debug] [2020-12-20T18:10:38.451Z] <<< HTTP RESPONSE 200 {"content-type":"application/json; charset=UTF-8","vary":"X-Origin, Referer, Origin,Accept-Encoding","date":"Sun, 20 Dec 2020 09:09:39 GMT","server":"ESF","cache-control":"private","x-xss-protection":"0","x-frame-options":"SAMEORIGIN","x-content-type-options":"nosniff","alt-svc":"h3-29=\":443\"; ma=2592000,h3-T051=\":443\"; ma=2592000,h3-Q050=\":443\"; ma=2592000,h3-Q046=\":443\"; ma=2592000,h3-Q043=\":443\"; ma=2592000,quic=\":443\"; ma=2592000; v=\"46,43\"","accept-ranges":"none","transfer-encoding":"chunked"}
[info] 
[info] === Serving from '/Users/oba/Desktop/projects/cozalog'...
[info] 
[debug] [2020-12-20T18:10:38.468Z] >>> HTTP REQUEST GET https://firebase.googleapis.com/v1beta1/projects/oba-dce9d/webApps/-/config  
 
[warn] ⚠  Your requested "node" version "10" doesn't match your global version "14" {"metadata":{"emulator":{"name":"functions"},"message":"Your requested \"node\" version \"10\" doesn't match your global version \"14\""}}
[debug] [2020-12-20T18:10:39.676Z] defaultcredentials: writing to file /Users/oba/.config/firebase/thevetdoctor_gmail_com_application_default_credentials.json
[debug] [2020-12-20T18:10:39.990Z] Setting GAC to /Users/oba/.config/firebase/thevetdoctor_gmail_com_application_default_credentials.json {"metadata":{"emulator":{"name":"functions"},"message":"Setting GAC to /Users/oba/.config/firebase/thevetdoctor_gmail_com_application_default_credentials.json"}}
[debug] [2020-12-20T18:10:40.843Z] <<< HTTP RESPONSE 200 {"content-type":"application/json; charset=UTF-8","vary":"X-Origin, Referer, Origin,Accept-Encoding","date":"Sun, 20 Dec 2020 09:09:41 GMT","server":"ESF","cache-control":"private","x-xss-protection":"0","x-frame-options":"SAMEORIGIN","x-content-type-options":"nosniff","alt-svc":"h3-29=\":443\"; ma=2592000,h3-T051=\":443\"; ma=2592000,h3-Q050=\":443\"; ma=2592000,h3-Q046=\":443\"; ma=2592000,h3-Q043=\":443\"; ma=2592000,quic=\":443\"; ma=2592000; v=\"46,43\"","accept-ranges":"none","transfer-encoding":"chunked"}
[info] i  functions: Watching "/Users/oba/Desktop/projects/cozalog/functions" for Cloud Functions... {"metadata":{"emulator":{"name":"functions"},"message":"Watching \"/Users/oba/Desktop/projects/cozalog/functions\" for Cloud Functions..."}}
[debug] [2020-12-20T18:10:51.611Z] [worker-pool] addWorker(~diagnostic~) {"metadata":{"emulator":{"name":"functions"},"message":"[worker-pool] addWorker(~diagnostic~)"}}
[debug] [2020-12-20T18:10:51.612Z] [worker-pool] Adding worker with key ~diagnostic~, total=1 {"metadata":{"emulator":{"name":"functions"},"message":"[worker-pool] Adding worker with key ~diagnostic~, total=1"}}
[debug] [2020-12-20T18:10:51.612Z] [worker-pool] submitWork(triggerId=) {"metadata":{"emulator":{"name":"functions"},"message":"[worker-pool] submitWork(triggerId=)"}}
[debug] [2020-12-20T18:10:51.613Z] [worker-~diagnostic~-e1da85c6-a4ee-48da-a2c9-b88836ad0f37]: Assigning socketPath: /var/folders/0v/yclprhf548ggy5fbv90q523r0000gn/T/fire_emu_2333.sock {"metadata":{"emulator":{"name":"functions"},"message":"[worker-~diagnostic~-e1da85c6-a4ee-48da-a2c9-b88836ad0f37]: Assigning socketPath: /var/folders/0v/yclprhf548ggy5fbv90q523r0000gn/T/fire_emu_2333.sock"}}
[debug] [2020-12-20T18:10:51.614Z] [worker-~diagnostic~-e1da85c6-a4ee-48da-a2c9-b88836ad0f37]: BUSY {"metadata":{"emulator":{"name":"functions"},"message":"[worker-~diagnostic~-e1da85c6-a4ee-48da-a2c9-b88836ad0f37]: BUSY"}}
[info] i  hosting[coza]: Serving hosting files from: build {"metadata":{"emulator":{"name":"hosting"},"message":"Serving hosting files from: \u001b[1mbuild\u001b[22m"}}
[info] ✔  hosting[coza]: Local server: http://localhost:5000 {"metadata":{"emulator":{"name":"hosting"},"message":"Local server: \u001b[4m\u001b[1mhttp://localhost:5000\u001b[22m\u001b[24m"}}
[debug] [2020-12-20T18:11:39.557Z] [runtime-status] [2333] Functions runtime initialized. {"cwd":"/Users/oba/Desktop/projects/cozalog/functions","node_version":"14.9.0"} {"metadata":{"emulator":{"name":"functions"},"message":"[runtime-status] [2333] Functions runtime initialized. {\"cwd\":\"/Users/oba/Desktop/projects/cozalog/functions\",\"node_version\":\"14.9.0\"}"}}
[debug] [2020-12-20T18:11:39.557Z] [runtime-status] [2333] Disabled runtime features: undefined {"metadata":{"emulator":{"name":"functions"},"message":"[runtime-status] [2333] Disabled runtime features: undefined"}}
[debug] [2020-12-20T18:11:40.536Z] [runtime-status] [2333] Resolved module firebase-admin {"declared":true,"installed":true,"version":"8.13.0","resolution":"/Users/oba/Desktop/projects/cozalog/functions/node_modules/firebase-admin/lib/index.js"} {"metadata":{"emulator":{"name":"functions"},"message":"[runtime-status] [2333] Resolved module firebase-admin {\"declared\":true,\"installed\":true,\"version\":\"8.13.0\",\"resolution\":\"/Users/oba/Desktop/projects/cozalog/functions/node_modules/firebase-admin/lib/index.js\"}"}}
[debug] [2020-12-20T18:11:40.559Z] [runtime-status] [2333] Resolved module firebase-functions {"declared":true,"installed":true,"version":"3.13.0","resolution":"/Users/oba/Desktop/projects/cozalog/functions/node_modules/firebase-functions/lib/index.js"} {"metadata":{"emulator":{"name":"functions"},"message":"[runtime-status] [2333] Resolved module firebase-functions {\"declared\":true,\"installed\":true,\"version\":\"3.13.0\",\"resolution\":\"/Users/oba/Desktop/projects/cozalog/functions/node_modules/firebase-functions/lib/index.js\"}"}}
[debug] [2020-12-20T18:11:40.696Z] [runtime-status] [2333] Resolved module firebase-functions {"declared":true,"installed":true,"version":"3.13.0","resolution":"/Users/oba/Desktop/projects/cozalog/functions/node_modules/firebase-functions/lib/index.js"} {"metadata":{"emulator":{"name":"functions"},"message":"[runtime-status] [2333] Resolved module firebase-functions {\"declared\":true,\"installed\":true,\"version\":\"3.13.0\",\"resolution\":\"/Users/oba/Desktop/projects/cozalog/functions/node_modules/firebase-functions/lib/index.js\"}"}}
[debug] [2020-12-20T18:11:40.702Z] [runtime-status] [2333] Outgoing network have been stubbed. [{"name":"http","status":"mocked"},{"name":"http","status":"mocked"},{"name":"https","status":"mocked"},{"name":"https","status":"mocked"},{"name":"net","status":"mocked"}] {"metadata":{"emulator":{"name":"functions"},"message":"[runtime-status] [2333] Outgoing network have been stubbed. [{\"name\":\"http\",\"status\":\"mocked\"},{\"name\":\"http\",\"status\":\"mocked\"},{\"name\":\"https\",\"status\":\"mocked\"},{\"name\":\"https\",\"status\":\"mocked\"},{\"name\":\"net\",\"status\":\"mocked\"}]"}}
[debug] [2020-12-20T18:11:40.702Z] [runtime-status] [2333] Resolved module firebase-functions {"declared":true,"installed":true,"version":"3.13.0","resolution":"/Users/oba/Desktop/projects/cozalog/functions/node_modules/firebase-functions/lib/index.js"} {"metadata":{"emulator":{"name":"functions"},"message":"[runtime-status] [2333] Resolved module firebase-functions {\"declared\":true,\"installed\":true,\"version\":\"3.13.0\",\"resolution\":\"/Users/oba/Desktop/projects/cozalog/functions/node_modules/firebase-functions/lib/index.js\"}"}}
[debug] [2020-12-20T18:11:57.422Z] [runtime-status] [2333] Checked functions.config() {"config":{}} {"metadata":{"emulator":{"name":"functions"},"message":"[runtime-status] [2333] Checked functions.config() {\"config\":{}}"}}
[debug] [2020-12-20T18:11:57.423Z] [runtime-status] [2333] firebase-functions has been stubbed. {"functionsResolution":{"declared":true,"installed":true,"version":"3.13.0","resolution":"/Users/oba/Desktop/projects/cozalog/functions/node_modules/firebase-functions/lib/index.js"}} {"metadata":{"emulator":{"name":"functions"},"message":"[runtime-status] [2333] firebase-functions has been stubbed. {\"functionsResolution\":{\"declared\":true,\"installed\":true,\"version\":\"3.13.0\",\"resolution\":\"/Users/oba/Desktop/projects/cozalog/functions/node_modules/firebase-functions/lib/index.js\"}}"}}
[debug] [2020-12-20T18:11:57.577Z] [runtime-status] [2333] Resolved module firebase-functions {"declared":true,"installed":true,"version":"3.13.0","resolution":"/Users/oba/Desktop/projects/cozalog/functions/node_modules/firebase-functions/lib/index.js"} {"metadata":{"emulator":{"name":"functions"},"message":"[runtime-status] [2333] Resolved module firebase-functions {\"declared\":true,\"installed\":true,\"version\":\"3.13.0\",\"resolution\":\"/Users/oba/Desktop/projects/cozalog/functions/node_modules/firebase-functions/lib/index.js\"}"}}
[debug] [2020-12-20T18:11:57.610Z] [runtime-status] [2333] Resolved module firebase-admin {"declared":true,"installed":true,"version":"8.13.0","resolution":"/Users/oba/Desktop/projects/cozalog/functions/node_modules/firebase-admin/lib/index.js"} {"metadata":{"emulator":{"name":"functions"},"message":"[runtime-status] [2333] Resolved module firebase-admin {\"declared\":true,\"installed\":true,\"version\":\"8.13.0\",\"resolution\":\"/Users/oba/Desktop/projects/cozalog/functions/node_modules/firebase-admin/lib/index.js\"}"}}
[debug] [2020-12-20T18:11:57.611Z] [runtime-status] [2333] Resolved module firebase-functions {"declared":true,"installed":true,"version":"3.13.0","resolution":"/Users/oba/Desktop/projects/cozalog/functions/node_modules/firebase-functions/lib/index.js"} {"metadata":{"emulator":{"name":"functions"},"message":"[runtime-status] [2333] Resolved module firebase-functions {\"declared\":true,\"installed\":true,\"version\":\"3.13.0\",\"resolution\":\"/Users/oba/Desktop/projects/cozalog/functions/node_modules/firebase-functions/lib/index.js\"}"}}
[debug] [2020-12-20T18:11:57.612Z] [runtime-status] [2333] firebase-admin has been stubbed. {"adminResolution":{"declared":true,"installed":true,"version":"8.13.0","resolution":"/Users/oba/Desktop/projects/cozalog/functions/node_modules/firebase-admin/lib/index.js"}} {"metadata":{"emulator":{"name":"functions"},"message":"[runtime-status] [2333] firebase-admin has been stubbed. {\"adminResolution\":{\"declared\":true,\"installed\":true,\"version\":\"8.13.0\",\"resolution\":\"/Users/oba/Desktop/projects/cozalog/functions/node_modules/firebase-admin/lib/index.js\"}}"}}
[debug] [2020-12-20T18:14:26.233Z] [worker-~diagnostic~-e1da85c6-a4ee-48da-a2c9-b88836ad0f37]: IDLE {"metadata":{"emulator":{"name":"functions"},"message":"[worker-~diagnostic~-e1da85c6-a4ee-48da-a2c9-b88836ad0f37]: IDLE"}}
[info] ✔  functions[cozaApi]: http function initialized (http://localhost:5001/oba-dce9d/us-central1/cozaApi). {"metadata":{"emulator":{"name":"functions"},"message":"\u001b[1mhttp\u001b[22m function initialized (http://localhost:5001/oba-dce9d/us-central1/cozaApi)."}}
[info] ✔  functions[cozaUpload]: http function initialized (http://localhost:5001/oba-dce9d/us-central1/cozaUpload). {"metadata":{"emulator":{"name":"functions"},"message":"\u001b[1mhttp\u001b[22m function initialized (http://localhost:5001/oba-dce9d/us-central1/cozaUpload)."}}
[debug] [2020-12-20T18:15:44.703Z] [work-queue] {"queueLength":1,"workRunningCount":0}
[debug] [2020-12-20T18:15:44.704Z] [work-queue] {"queueLength":0,"workRunningCount":1}
[debug] [2020-12-20T18:15:44.704Z] Accepted request GET /oba-dce9d/us-central1/cozaUpload --> cozaUpload
[debug] [2020-12-20T18:15:44.749Z] [worker-pool] addWorker(cozaUpload) {"metadata":{"emulator":{"name":"functions"},"message":"[worker-pool] addWorker(cozaUpload)"}}
[debug] [2020-12-20T18:15:44.750Z] [worker-pool] Adding worker with key cozaUpload, total=1 {"metadata":{"emulator":{"name":"functions"},"message":"[worker-pool] Adding worker with key cozaUpload, total=1"}}
[debug] [2020-12-20T18:15:44.750Z] [worker-pool] submitWork(triggerId=cozaUpload) {"metadata":{"emulator":{"name":"functions"},"message":"[worker-pool] submitWork(triggerId=cozaUpload)"}}
[debug] [2020-12-20T18:15:44.751Z] [worker-cozaUpload-df506dc6-37ed-4b69-b5fc-3ad2438dfdb7]: Assigning socketPath: /var/folders/0v/yclprhf548ggy5fbv90q523r0000gn/T/fire_emu_2601.sock {"metadata":{"emulator":{"name":"functions"},"message":"[worker-cozaUpload-df506dc6-37ed-4b69-b5fc-3ad2438dfdb7]: Assigning socketPath: /var/folders/0v/yclprhf548ggy5fbv90q523r0000gn/T/fire_emu_2601.sock"}}
[debug] [2020-12-20T18:15:44.751Z] [worker-cozaUpload-df506dc6-37ed-4b69-b5fc-3ad2438dfdb7]: BUSY {"metadata":{"emulator":{"name":"functions"},"message":"[worker-cozaUpload-df506dc6-37ed-4b69-b5fc-3ad2438dfdb7]: BUSY"}}
[debug] [2020-12-20T18:15:52.790Z] [runtime-status] [2601] Functions runtime initialized. {"cwd":"/Users/oba/Desktop/projects/cozalog/functions","node_version":"14.9.0"} {"metadata":{"emulator":{"name":"functions"},"function":{"name":"cozaUpload"},"message":"[runtime-status] [2601] Functions runtime initialized. {\"cwd\":\"/Users/oba/Desktop/projects/cozalog/functions\",\"node_version\":\"14.9.0\"}"}}
[debug] [2020-12-20T18:15:52.796Z] [runtime-status] [2601] Disabled runtime features: undefined {"metadata":{"emulator":{"name":"functions"},"function":{"name":"cozaUpload"},"message":"[runtime-status] [2601] Disabled runtime features: undefined"}}
[debug] [2020-12-20T18:15:52.828Z] [runtime-status] [2601] Resolved module firebase-admin {"declared":true,"installed":true,"version":"8.13.0","resolution":"/Users/oba/Desktop/projects/cozalog/functions/node_modules/firebase-admin/lib/index.js"} {"metadata":{"emulator":{"name":"functions"},"function":{"name":"cozaUpload"},"message":"[runtime-status] [2601] Resolved module firebase-admin {\"declared\":true,\"installed\":true,\"version\":\"8.13.0\",\"resolution\":\"/Users/oba/Desktop/projects/cozalog/functions/node_modules/firebase-admin/lib/index.js\"}"}}
[debug] [2020-12-20T18:15:52.837Z] [runtime-status] [2601] Resolved module firebase-functions {"declared":true,"installed":true,"version":"3.13.0","resolution":"/Users/oba/Desktop/projects/cozalog/functions/node_modules/firebase-functions/lib/index.js"} {"metadata":{"emulator":{"name":"functions"},"function":{"name":"cozaUpload"},"message":"[runtime-status] [2601] Resolved module firebase-functions {\"declared\":true,\"installed\":true,\"version\":\"3.13.0\",\"resolution\":\"/Users/oba/Desktop/projects/cozalog/functions/node_modules/firebase-functions/lib/index.js\"}"}}
[debug] [2020-12-20T18:15:52.842Z] [runtime-status] [2601] Resolved module firebase-functions {"declared":true,"installed":true,"version":"3.13.0","resolution":"/Users/oba/Desktop/projects/cozalog/functions/node_modules/firebase-functions/lib/index.js"} {"metadata":{"emulator":{"name":"functions"},"function":{"name":"cozaUpload"},"message":"[runtime-status] [2601] Resolved module firebase-functions {\"declared\":true,\"installed\":true,\"version\":\"3.13.0\",\"resolution\":\"/Users/oba/Desktop/projects/cozalog/functions/node_modules/firebase-functions/lib/index.js\"}"}}
[debug] [2020-12-20T18:15:52.846Z] [runtime-status] [2601] Outgoing network have been stubbed. [{"name":"http","status":"mocked"},{"name":"http","status":"mocked"},{"name":"https","status":"mocked"},{"name":"https","status":"mocked"},{"name":"net","status":"mocked"}] {"metadata":{"emulator":{"name":"functions"},"function":{"name":"cozaUpload"},"message":"[runtime-status] [2601] Outgoing network have been stubbed. [{\"name\":\"http\",\"status\":\"mocked\"},{\"name\":\"http\",\"status\":\"mocked\"},{\"name\":\"https\",\"status\":\"mocked\"},{\"name\":\"https\",\"status\":\"mocked\"},{\"name\":\"net\",\"status\":\"mocked\"}]"}}
[debug] [2020-12-20T18:15:52.847Z] [runtime-status] [2601] Resolved module firebase-functions {"declared":true,"installed":true,"version":"3.13.0","resolution":"/Users/oba/Desktop/projects/cozalog/functions/node_modules/firebase-functions/lib/index.js"} {"metadata":{"emulator":{"name":"functions"},"function":{"name":"cozaUpload"},"message":"[runtime-status] [2601] Resolved module firebase-functions {\"declared\":true,\"installed\":true,\"version\":\"3.13.0\",\"resolution\":\"/Users/oba/Desktop/projects/cozalog/functions/node_modules/firebase-functions/lib/index.js\"}"}}
[debug] [2020-12-20T18:15:53.594Z] [runtime-status] [2601] Checked functions.config() {"config":{}} {"metadata":{"emulator":{"name":"functions"},"function":{"name":"cozaUpload"},"message":"[runtime-status] [2601] Checked functions.config() {\"config\":{}}"}}
[debug] [2020-12-20T18:15:53.595Z] [runtime-status] [2601] firebase-functions has been stubbed. {"functionsResolution":{"declared":true,"installed":true,"version":"3.13.0","resolution":"/Users/oba/Desktop/projects/cozalog/functions/node_modules/firebase-functions/lib/index.js"}} {"metadata":{"emulator":{"name":"functions"},"function":{"name":"cozaUpload"},"message":"[runtime-status] [2601] firebase-functions has been stubbed. {\"functionsResolution\":{\"declared\":true,\"installed\":true,\"version\":\"3.13.0\",\"resolution\":\"/Users/oba/Desktop/projects/cozalog/functions/node_modules/firebase-functions/lib/index.js\"}}"}}
[debug] [2020-12-20T18:15:53.596Z] [runtime-status] [2601] Resolved module firebase-functions {"declared":true,"installed":true,"version":"3.13.0","resolution":"/Users/oba/Desktop/projects/cozalog/functions/node_modules/firebase-functions/lib/index.js"} {"metadata":{"emulator":{"name":"functions"},"function":{"name":"cozaUpload"},"message":"[runtime-status] [2601] Resolved module firebase-functions {\"declared\":true,\"installed\":true,\"version\":\"3.13.0\",\"resolution\":\"/Users/oba/Desktop/projects/cozalog/functions/node_modules/firebase-functions/lib/index.js\"}"}}
[debug] [2020-12-20T18:15:53.600Z] [runtime-status] [2601] Resolved module firebase-admin {"declared":true,"installed":true,"version":"8.13.0","resolution":"/Users/oba/Desktop/projects/cozalog/functions/node_modules/firebase-admin/lib/index.js"} {"metadata":{"emulator":{"name":"functions"},"function":{"name":"cozaUpload"},"message":"[runtime-status] [2601] Resolved module firebase-admin {\"declared\":true,\"installed\":true,\"version\":\"8.13.0\",\"resolution\":\"/Users/oba/Desktop/projects/cozalog/functions/node_modules/firebase-admin/lib/index.js\"}"}}
[debug] [2020-12-20T18:15:53.601Z] [runtime-status] [2601] Resolved module firebase-functions {"declared":true,"installed":true,"version":"3.13.0","resolution":"/Users/oba/Desktop/projects/cozalog/functions/node_modules/firebase-functions/lib/index.js"} {"metadata":{"emulator":{"name":"functions"},"function":{"name":"cozaUpload"},"message":"[runtime-status] [2601] Resolved module firebase-functions {\"declared\":true,\"installed\":true,\"version\":\"3.13.0\",\"resolution\":\"/Users/oba/Desktop/projects/cozalog/functions/node_modules/firebase-functions/lib/index.js\"}"}}
[debug] [2020-12-20T18:15:53.601Z] [runtime-status] [2601] firebase-admin has been stubbed. {"adminResolution":{"declared":true,"installed":true,"version":"8.13.0","resolution":"/Users/oba/Desktop/projects/cozalog/functions/node_modules/firebase-admin/lib/index.js"}} {"metadata":{"emulator":{"name":"functions"},"function":{"name":"cozaUpload"},"message":"[runtime-status] [2601] firebase-admin has been stubbed. {\"adminResolution\":{\"declared\":true,\"installed\":true,\"version\":\"8.13.0\",\"resolution\":\"/Users/oba/Desktop/projects/cozalog/functions/node_modules/firebase-admin/lib/index.js\"}}"}}
[debug] [2020-12-20T18:15:57.650Z] [runtime-status] [2601] Trigger "cozaUpload" has been found, beginning invocation! {"metadata":{"emulator":{"name":"functions"},"function":{"name":"cozaUpload"},"message":"[runtime-status] [2601] Trigger \"cozaUpload\" has been found, beginning invocation!"}}
[info] i  functions: Beginning execution of "cozaUpload" {"metadata":{"emulator":{"name":"functions"},"function":{"name":"cozaUpload"},"message":"Beginning execution of \"cozaUpload\""}}
[debug] [2020-12-20T18:15:57.652Z] [runtime-status] [2601] triggerDefinition {"httpsTrigger":{},"name":"cozaUpload","entryPoint":"cozaUpload"} {"metadata":{"emulator":{"name":"functions"},"function":{"name":"cozaUpload"},"message":"[runtime-status] [2601] triggerDefinition {\"httpsTrigger\":{},\"name\":\"cozaUpload\",\"entryPoint\":\"cozaUpload\"}"}}
[debug] [2020-12-20T18:15:57.652Z] [runtime-status] [2601] Running cozaUpload in mode HTTPS {"metadata":{"emulator":{"name":"functions"},"function":{"name":"cozaUpload"},"message":"[runtime-status] [2601] Running cozaUpload in mode HTTPS"}}
[debug] [2020-12-20T18:15:57.718Z] [runtime-status] [2601] Attempting to listen to socketPath: /var/folders/0v/yclprhf548ggy5fbv90q523r0000gn/T/fire_emu_2601.sock {"metadata":{"emulator":{"name":"functions"},"function":{"name":"cozaUpload"},"message":"[runtime-status] [2601] Attempting to listen to socketPath: /var/folders/0v/yclprhf548ggy5fbv90q523r0000gn/T/fire_emu_2601.sock"}}
[debug] [2020-12-20T18:15:57.772Z] [functions] Runtime ready! Sending request! {"metadata":{"emulator":{"name":"functions"},"message":"[functions] Runtime ready! Sending request!"}}
[debug] [2020-12-20T18:15:57.819Z] [runtime-status] [2601] Ephemeral server handling GET request {"metadata":{"emulator":{"name":"functions"},"function":{"name":"cozaUpload"},"message":"[runtime-status] [2601] Ephemeral server handling GET request"}}
[info] >  cozaUpload endpoint running (Uploading Images)! {"user":"cozaUpload endpoint running (Uploading Images)!","metadata":{"emulator":{"name":"functions"},"function":{"name":"cozaUpload"},"message":"\u001b[90m> \u001b[39m cozaUpload endpoint running (Uploading Images)!"}}
[info] >  HTTP POST method required for image upload! {"user":"HTTP POST method required for image upload!","metadata":{"emulator":{"name":"functions"},"function":{"name":"cozaUpload"},"message":"\u001b[90m> \u001b[39m HTTP POST method required for image upload!"}}
[debug] [2020-12-20T18:15:57.997Z] [runtime-status] [2601] Ephemeral server survived. {"metadata":{"emulator":{"name":"functions"},"function":{"name":"cozaUpload"},"message":"[runtime-status] [2601] Ephemeral server survived."}}
[info] i  functions: Finished "cozaUpload" in ~1s {"metadata":{"emulator":{"name":"functions"},"function":{"name":"cozaUpload"},"message":"Finished \"cozaUpload\" in ~1s"}}
[debug] [2020-12-20T18:15:58.005Z] [worker-cozaUpload-df506dc6-37ed-4b69-b5fc-3ad2438dfdb7]: IDLE {"metadata":{"emulator":{"name":"functions"},"message":"[worker-cozaUpload-df506dc6-37ed-4b69-b5fc-3ad2438dfdb7]: IDLE"}}
[debug] [2020-12-20T18:15:58.006Z] [work-queue] {"queueLength":0,"workRunningCount":0}
[debug] [2020-12-20T18:16:00.108Z] Functions emulator received unknown request at path /favicon.ico
[debug] [2020-12-20T19:16:24.774Z] [work-queue] {"queueLength":1,"workRunningCount":0}
[debug] [2020-12-20T19:16:24.777Z] [work-queue] {"queueLength":0,"workRunningCount":1}
[debug] [2020-12-20T19:16:24.778Z] Accepted request GET /oba-dce9d/us-central1/cozaUpload --> cozaUpload
[debug] [2020-12-20T19:16:24.780Z] [worker-pool] submitWork(triggerId=cozaUpload) {"metadata":{"emulator":{"name":"functions"},"message":"[worker-pool] submitWork(triggerId=cozaUpload)"}}
[debug] [2020-12-20T19:16:24.781Z] [worker-cozaUpload-df506dc6-37ed-4b69-b5fc-3ad2438dfdb7]: Assigning socketPath: /var/folders/0v/yclprhf548ggy5fbv90q523r0000gn/T/fire_emu_2601.sock {"metadata":{"emulator":{"name":"functions"},"message":"[worker-cozaUpload-df506dc6-37ed-4b69-b5fc-3ad2438dfdb7]: Assigning socketPath: /var/folders/0v/yclprhf548ggy5fbv90q523r0000gn/T/fire_emu_2601.sock"}}
[debug] [2020-12-20T19:16:24.781Z] [worker-cozaUpload-df506dc6-37ed-4b69-b5fc-3ad2438dfdb7]: BUSY {"metadata":{"emulator":{"name":"functions"},"message":"[worker-cozaUpload-df506dc6-37ed-4b69-b5fc-3ad2438dfdb7]: BUSY"}}
[debug] [2020-12-20T19:16:24.798Z] [runtime-status] [2601] Trigger "cozaUpload" has been found, beginning invocation! {"metadata":{"emulator":{"name":"functions"},"function":{"name":"cozaUpload"},"message":"[runtime-status] [2601] Trigger \"cozaUpload\" has been found, beginning invocation!"}}
[info] i  functions: Beginning execution of "cozaUpload" {"metadata":{"emulator":{"name":"functions"},"function":{"name":"cozaUpload"},"message":"Beginning execution of \"cozaUpload\""}}
[debug] [2020-12-20T19:16:24.806Z] [runtime-status] [2601] triggerDefinition {"httpsTrigger":{},"name":"cozaUpload","entryPoint":"cozaUpload"} {"metadata":{"emulator":{"name":"functions"},"function":{"name":"cozaUpload"},"message":"[runtime-status] [2601] triggerDefinition {\"httpsTrigger\":{},\"name\":\"cozaUpload\",\"entryPoint\":\"cozaUpload\"}"}}
[debug] [2020-12-20T19:16:24.806Z] [runtime-status] [2601] Running cozaUpload in mode HTTPS {"metadata":{"emulator":{"name":"functions"},"function":{"name":"cozaUpload"},"message":"[runtime-status] [2601] Running cozaUpload in mode HTTPS"}}
[debug] [2020-12-20T19:16:24.811Z] [runtime-status] [2601] Attempting to listen to socketPath: /var/folders/0v/yclprhf548ggy5fbv90q523r0000gn/T/fire_emu_2601.sock {"metadata":{"emulator":{"name":"functions"},"function":{"name":"cozaUpload"},"message":"[runtime-status] [2601] Attempting to listen to socketPath: /var/folders/0v/yclprhf548ggy5fbv90q523r0000gn/T/fire_emu_2601.sock"}}
[debug] [2020-12-20T19:16:24.902Z] [functions] Runtime ready! Sending request! {"metadata":{"emulator":{"name":"functions"},"message":"[functions] Runtime ready! Sending request!"}}
[debug] [2020-12-20T19:16:24.914Z] [runtime-status] [2601] Ephemeral server handling GET request {"metadata":{"emulator":{"name":"functions"},"function":{"name":"cozaUpload"},"message":"[runtime-status] [2601] Ephemeral server handling GET request"}}
[info] >  cozaUpload endpoint running (Uploading Images)! {"user":"cozaUpload endpoint running (Uploading Images)!","metadata":{"emulator":{"name":"functions"},"function":{"name":"cozaUpload"},"message":"\u001b[90m> \u001b[39m cozaUpload endpoint running (Uploading Images)!"}}
[info] >  HTTP POST method required for image upload! {"user":"HTTP POST method required for image upload!","metadata":{"emulator":{"name":"functions"},"function":{"name":"cozaUpload"},"message":"\u001b[90m> \u001b[39m HTTP POST method required for image upload!"}}
[debug] [2020-12-20T19:16:24.937Z] [runtime-status] [2601] Ephemeral server survived. {"metadata":{"emulator":{"name":"functions"},"function":{"name":"cozaUpload"},"message":"[runtime-status] [2601] Ephemeral server survived."}}
[info] i  functions: Finished "cozaUpload" in ~1s {"metadata":{"emulator":{"name":"functions"},"function":{"name":"cozaUpload"},"message":"Finished \"cozaUpload\" in ~1s"}}
[debug] [2020-12-20T19:16:24.986Z] [worker-cozaUpload-df506dc6-37ed-4b69-b5fc-3ad2438dfdb7]: IDLE {"metadata":{"emulator":{"name":"functions"},"message":"[worker-cozaUpload-df506dc6-37ed-4b69-b5fc-3ad2438dfdb7]: IDLE"}}
[debug] [2020-12-20T19:16:24.986Z] [work-queue] {"queueLength":0,"workRunningCount":0}
[debug] [2020-12-20T19:45:34.037Z] [work-queue] {"queueLength":1,"workRunningCount":0}
[debug] [2020-12-20T19:45:34.040Z] [work-queue] {"queueLength":0,"workRunningCount":1}
[debug] [2020-12-20T19:45:34.040Z] Accepted request GET /oba-dce9d/us-central1/cozaUpload --> cozaUpload
[debug] [2020-12-20T19:45:34.041Z] [worker-pool] submitWork(triggerId=cozaUpload) {"metadata":{"emulator":{"name":"functions"},"message":"[worker-pool] submitWork(triggerId=cozaUpload)"}}
[debug] [2020-12-20T19:45:34.041Z] [worker-cozaUpload-df506dc6-37ed-4b69-b5fc-3ad2438dfdb7]: Assigning socketPath: /var/folders/0v/yclprhf548ggy5fbv90q523r0000gn/T/fire_emu_2601.sock {"metadata":{"emulator":{"name":"functions"},"message":"[worker-cozaUpload-df506dc6-37ed-4b69-b5fc-3ad2438dfdb7]: Assigning socketPath: /var/folders/0v/yclprhf548ggy5fbv90q523r0000gn/T/fire_emu_2601.sock"}}
[debug] [2020-12-20T19:45:34.041Z] [worker-cozaUpload-df506dc6-37ed-4b69-b5fc-3ad2438dfdb7]: BUSY {"metadata":{"emulator":{"name":"functions"},"message":"[worker-cozaUpload-df506dc6-37ed-4b69-b5fc-3ad2438dfdb7]: BUSY"}}
[debug] [2020-12-20T19:45:34.044Z] [runtime-status] [2601] Trigger "cozaUpload" has been found, beginning invocation! {"metadata":{"emulator":{"name":"functions"},"function":{"name":"cozaUpload"},"message":"[runtime-status] [2601] Trigger \"cozaUpload\" has been found, beginning invocation!"}}
[info] i  functions: Beginning execution of "cozaUpload" {"metadata":{"emulator":{"name":"functions"},"function":{"name":"cozaUpload"},"message":"Beginning execution of \"cozaUpload\""}}
[debug] [2020-12-20T19:45:34.045Z] [runtime-status] [2601] triggerDefinition {"httpsTrigger":{},"name":"cozaUpload","entryPoint":"cozaUpload"} {"metadata":{"emulator":{"name":"functions"},"function":{"name":"cozaUpload"},"message":"[runtime-status] [2601] triggerDefinition {\"httpsTrigger\":{},\"name\":\"cozaUpload\",\"entryPoint\":\"cozaUpload\"}"}}
[debug] [2020-12-20T19:45:34.045Z] [runtime-status] [2601] Running cozaUpload in mode HTTPS {"metadata":{"emulator":{"name":"functions"},"function":{"name":"cozaUpload"},"message":"[runtime-status] [2601] Running cozaUpload in mode HTTPS"}}
[debug] [2020-12-20T19:45:34.046Z] [runtime-status] [2601] Attempting to listen to socketPath: /var/folders/0v/yclprhf548ggy5fbv90q523r0000gn/T/fire_emu_2601.sock {"metadata":{"emulator":{"name":"functions"},"function":{"name":"cozaUpload"},"message":"[runtime-status] [2601] Attempting to listen to socketPath: /var/folders/0v/yclprhf548ggy5fbv90q523r0000gn/T/fire_emu_2601.sock"}}
[debug] [2020-12-20T19:45:34.098Z] [functions] Runtime ready! Sending request! {"metadata":{"emulator":{"name":"functions"},"message":"[functions] Runtime ready! Sending request!"}}
[debug] [2020-12-20T19:45:34.109Z] [runtime-status] [2601] Ephemeral server handling GET request {"metadata":{"emulator":{"name":"functions"},"function":{"name":"cozaUpload"},"message":"[runtime-status] [2601] Ephemeral server handling GET request"}}
[debug] [2020-12-20T19:45:34.109Z] [runtime-status] [2601] Ephemeral server survived. {"metadata":{"emulator":{"name":"functions"},"function":{"name":"cozaUpload"},"message":"[runtime-status] [2601] Ephemeral server survived."}}
[info] >  cozaUpload endpoint running (Uploading Images)! {"user":"cozaUpload endpoint running (Uploading Images)!","metadata":{"emulator":{"name":"functions"},"function":{"name":"cozaUpload"},"message":"\u001b[90m> \u001b[39m cozaUpload endpoint running (Uploading Images)!"}}
[info] >  HTTP POST method required for image upload! {"user":"HTTP POST method required for image upload!","metadata":{"emulator":{"name":"functions"},"function":{"name":"cozaUpload"},"message":"\u001b[90m> \u001b[39m HTTP POST method required for image upload!"}}
[info] i  functions: Finished "cozaUpload" in ~1s {"metadata":{"emulator":{"name":"functions"},"function":{"name":"cozaUpload"},"message":"Finished \"cozaUpload\" in ~1s"}}
[debug] [2020-12-20T19:45:34.130Z] [worker-cozaUpload-df506dc6-37ed-4b69-b5fc-3ad2438dfdb7]: IDLE {"metadata":{"emulator":{"name":"functions"},"message":"[worker-cozaUpload-df506dc6-37ed-4b69-b5fc-3ad2438dfdb7]: IDLE"}}
[debug] [2020-12-20T19:45:34.131Z] [work-queue] {"queueLength":0,"workRunningCount":0}
[debug] [2020-12-20T19:52:08.360Z] [work-queue] {"queueLength":1,"workRunningCount":0}
[debug] [2020-12-20T19:52:08.361Z] [work-queue] {"queueLength":0,"workRunningCount":1}
[debug] [2020-12-20T19:52:08.361Z] Accepted request GET /oba-dce9d/us-central1/cozaUpload --> cozaUpload
[debug] [2020-12-20T19:52:08.361Z] [worker-pool] submitWork(triggerId=cozaUpload) {"metadata":{"emulator":{"name":"functions"},"message":"[worker-pool] submitWork(triggerId=cozaUpload)"}}
[debug] [2020-12-20T19:52:08.362Z] [worker-cozaUpload-df506dc6-37ed-4b69-b5fc-3ad2438dfdb7]: Assigning socketPath: /var/folders/0v/yclprhf548ggy5fbv90q523r0000gn/T/fire_emu_2601.sock {"metadata":{"emulator":{"name":"functions"},"message":"[worker-cozaUpload-df506dc6-37ed-4b69-b5fc-3ad2438dfdb7]: Assigning socketPath: /var/folders/0v/yclprhf548ggy5fbv90q523r0000gn/T/fire_emu_2601.sock"}}
[debug] [2020-12-20T19:52:08.362Z] [worker-cozaUpload-df506dc6-37ed-4b69-b5fc-3ad2438dfdb7]: BUSY {"metadata":{"emulator":{"name":"functions"},"message":"[worker-cozaUpload-df506dc6-37ed-4b69-b5fc-3ad2438dfdb7]: BUSY"}}
[debug] [2020-12-20T19:52:08.365Z] [runtime-status] [2601] Trigger "cozaUpload" has been found, beginning invocation! {"metadata":{"emulator":{"name":"functions"},"function":{"name":"cozaUpload"},"message":"[runtime-status] [2601] Trigger \"cozaUpload\" has been found, beginning invocation!"}}
[info] i  functions: Beginning execution of "cozaUpload" {"metadata":{"emulator":{"name":"functions"},"function":{"name":"cozaUpload"},"message":"Beginning execution of \"cozaUpload\""}}
[debug] [2020-12-20T19:52:08.365Z] [runtime-status] [2601] triggerDefinition {"httpsTrigger":{},"name":"cozaUpload","entryPoint":"cozaUpload"} {"metadata":{"emulator":{"name":"functions"},"function":{"name":"cozaUpload"},"message":"[runtime-status] [2601] triggerDefinition {\"httpsTrigger\":{},\"name\":\"cozaUpload\",\"entryPoint\":\"cozaUpload\"}"}}
[debug] [2020-12-20T19:52:08.366Z] [runtime-status] [2601] Running cozaUpload in mode HTTPS {"metadata":{"emulator":{"name":"functions"},"function":{"name":"cozaUpload"},"message":"[runtime-status] [2601] Running cozaUpload in mode HTTPS"}}
[debug] [2020-12-20T19:52:08.366Z] [runtime-status] [2601] Attempting to listen to socketPath: /var/folders/0v/yclprhf548ggy5fbv90q523r0000gn/T/fire_emu_2601.sock {"metadata":{"emulator":{"name":"functions"},"function":{"name":"cozaUpload"},"message":"[runtime-status] [2601] Attempting to listen to socketPath: /var/folders/0v/yclprhf548ggy5fbv90q523r0000gn/T/fire_emu_2601.sock"}}
[debug] [2020-12-20T19:52:08.596Z] [functions] Runtime ready! Sending request! {"metadata":{"emulator":{"name":"functions"},"message":"[functions] Runtime ready! Sending request!"}}
[debug] [2020-12-20T19:52:08.601Z] [runtime-status] [2601] Ephemeral server handling GET request {"metadata":{"emulator":{"name":"functions"},"function":{"name":"cozaUpload"},"message":"[runtime-status] [2601] Ephemeral server handling GET request"}}
[info] >  cozaUpload endpoint running (Uploading Images)! {"user":"cozaUpload endpoint running (Uploading Images)!","metadata":{"emulator":{"name":"functions"},"function":{"name":"cozaUpload"},"message":"\u001b[90m> \u001b[39m cozaUpload endpoint running (Uploading Images)!"}}
[info] >  HTTP POST method required for image upload! {"user":"HTTP POST method required for image upload!","metadata":{"emulator":{"name":"functions"},"function":{"name":"cozaUpload"},"message":"\u001b[90m> \u001b[39m HTTP POST method required for image upload!"}}
[debug] [2020-12-20T19:52:08.604Z] [runtime-status] [2601] Ephemeral server survived. {"metadata":{"emulator":{"name":"functions"},"function":{"name":"cozaUpload"},"message":"[runtime-status] [2601] Ephemeral server survived."}}
[info] i  functions: Finished "cozaUpload" in ~1s {"metadata":{"emulator":{"name":"functions"},"function":{"name":"cozaUpload"},"message":"Finished \"cozaUpload\" in ~1s"}}
[debug] [2020-12-20T19:52:08.607Z] [worker-cozaUpload-df506dc6-37ed-4b69-b5fc-3ad2438dfdb7]: IDLE {"metadata":{"emulator":{"name":"functions"},"message":"[worker-cozaUpload-df506dc6-37ed-4b69-b5fc-3ad2438dfdb7]: IDLE"}}
[debug] [2020-12-20T19:52:08.610Z] [work-queue] {"queueLength":0,"workRunningCount":0}
[debug] [2020-12-20T20:02:41.732Z] [work-queue] {"queueLength":1,"workRunningCount":0}
[debug] [2020-12-20T20:02:41.733Z] [work-queue] {"queueLength":0,"workRunningCount":1}
[debug] [2020-12-20T20:02:41.733Z] Accepted request GET /oba-dce9d/us-central1/cozaUpload --> cozaUpload
[debug] [2020-12-20T20:02:41.734Z] [worker-pool] submitWork(triggerId=cozaUpload) {"metadata":{"emulator":{"name":"functions"},"message":"[worker-pool] submitWork(triggerId=cozaUpload)"}}
[debug] [2020-12-20T20:02:41.734Z] [worker-cozaUpload-df506dc6-37ed-4b69-b5fc-3ad2438dfdb7]: Assigning socketPath: /var/folders/0v/yclprhf548ggy5fbv90q523r0000gn/T/fire_emu_2601.sock {"metadata":{"emulator":{"name":"functions"},"message":"[worker-cozaUpload-df506dc6-37ed-4b69-b5fc-3ad2438dfdb7]: Assigning socketPath: /var/folders/0v/yclprhf548ggy5fbv90q523r0000gn/T/fire_emu_2601.sock"}}
[debug] [2020-12-20T20:02:41.734Z] [worker-cozaUpload-df506dc6-37ed-4b69-b5fc-3ad2438dfdb7]: BUSY {"metadata":{"emulator":{"name":"functions"},"message":"[worker-cozaUpload-df506dc6-37ed-4b69-b5fc-3ad2438dfdb7]: BUSY"}}
[debug] [2020-12-20T20:02:41.735Z] [runtime-status] [2601] Trigger "cozaUpload" has been found, beginning invocation! {"metadata":{"emulator":{"name":"functions"},"function":{"name":"cozaUpload"},"message":"[runtime-status] [2601] Trigger \"cozaUpload\" has been found, beginning invocation!"}}
[info] i  functions: Beginning execution of "cozaUpload" {"metadata":{"emulator":{"name":"functions"},"function":{"name":"cozaUpload"},"message":"Beginning execution of \"cozaUpload\""}}
[debug] [2020-12-20T20:02:41.736Z] [runtime-status] [2601] triggerDefinition {"httpsTrigger":{},"name":"cozaUpload","entryPoint":"cozaUpload"} {"metadata":{"emulator":{"name":"functions"},"function":{"name":"cozaUpload"},"message":"[runtime-status] [2601] triggerDefinition {\"httpsTrigger\":{},\"name\":\"cozaUpload\",\"entryPoint\":\"cozaUpload\"}"}}
[debug] [2020-12-20T20:02:41.736Z] [runtime-status] [2601] Running cozaUpload in mode HTTPS {"metadata":{"emulator":{"name":"functions"},"function":{"name":"cozaUpload"},"message":"[runtime-status] [2601] Running cozaUpload in mode HTTPS"}}
[debug] [2020-12-20T20:02:41.737Z] [runtime-status] [2601] Attempting to listen to socketPath: /var/folders/0v/yclprhf548ggy5fbv90q523r0000gn/T/fire_emu_2601.sock {"metadata":{"emulator":{"name":"functions"},"function":{"name":"cozaUpload"},"message":"[runtime-status] [2601] Attempting to listen to socketPath: /var/folders/0v/yclprhf548ggy5fbv90q523r0000gn/T/fire_emu_2601.sock"}}
[debug] [2020-12-20T20:02:41.756Z] [functions] Runtime ready! Sending request! {"metadata":{"emulator":{"name":"functions"},"message":"[functions] Runtime ready! Sending request!"}}
[debug] [2020-12-20T20:02:41.762Z] [runtime-status] [2601] Ephemeral server handling GET request {"metadata":{"emulator":{"name":"functions"},"function":{"name":"cozaUpload"},"message":"[runtime-status] [2601] Ephemeral server handling GET request"}}
[info] >  cozaUpload endpoint running (Uploading Images)! {"user":"cozaUpload endpoint running (Uploading Images)!","metadata":{"emulator":{"name":"functions"},"function":{"name":"cozaUpload"},"message":"\u001b[90m> \u001b[39m cozaUpload endpoint running (Uploading Images)!"}}
[info] >  HTTP POST method required for image upload! {"user":"HTTP POST method required for image upload!","metadata":{"emulator":{"name":"functions"},"function":{"name":"cozaUpload"},"message":"\u001b[90m> \u001b[39m HTTP POST method required for image upload!"}}
[debug] [2020-12-20T20:02:41.765Z] [runtime-status] [2601] Ephemeral server survived. {"metadata":{"emulator":{"name":"functions"},"function":{"name":"cozaUpload"},"message":"[runtime-status] [2601] Ephemeral server survived."}}
[info] i  functions: Finished "cozaUpload" in ~1s {"metadata":{"emulator":{"name":"functions"},"function":{"name":"cozaUpload"},"message":"Finished \"cozaUpload\" in ~1s"}}
[debug] [2020-12-20T20:02:41.767Z] [worker-cozaUpload-df506dc6-37ed-4b69-b5fc-3ad2438dfdb7]: IDLE {"metadata":{"emulator":{"name":"functions"},"message":"[worker-cozaUpload-df506dc6-37ed-4b69-b5fc-3ad2438dfdb7]: IDLE"}}
[debug] [2020-12-20T20:02:41.767Z] [work-queue] {"queueLength":0,"workRunningCount":0}
[debug] [2020-12-20T20:05:49.326Z] [work-queue] {"queueLength":1,"workRunningCount":0}
[debug] [2020-12-20T20:05:49.326Z] [work-queue] {"queueLength":0,"workRunningCount":1}
[debug] [2020-12-20T20:05:49.327Z] Accepted request GET /oba-dce9d/us-central1/cozaUpload --> cozaUpload
[debug] [2020-12-20T20:05:49.327Z] [worker-pool] submitWork(triggerId=cozaUpload) {"metadata":{"emulator":{"name":"functions"},"message":"[worker-pool] submitWork(triggerId=cozaUpload)"}}
[debug] [2020-12-20T20:05:49.327Z] [worker-cozaUpload-df506dc6-37ed-4b69-b5fc-3ad2438dfdb7]: Assigning socketPath: /var/folders/0v/yclprhf548ggy5fbv90q523r0000gn/T/fire_emu_2601.sock {"metadata":{"emulator":{"name":"functions"},"message":"[worker-cozaUpload-df506dc6-37ed-4b69-b5fc-3ad2438dfdb7]: Assigning socketPath: /var/folders/0v/yclprhf548ggy5fbv90q523r0000gn/T/fire_emu_2601.sock"}}
[debug] [2020-12-20T20:05:49.328Z] [worker-cozaUpload-df506dc6-37ed-4b69-b5fc-3ad2438dfdb7]: BUSY {"metadata":{"emulator":{"name":"functions"},"message":"[worker-cozaUpload-df506dc6-37ed-4b69-b5fc-3ad2438dfdb7]: BUSY"}}
[debug] [2020-12-20T20:05:49.331Z] [runtime-status] [2601] Trigger "cozaUpload" has been found, beginning invocation! {"metadata":{"emulator":{"name":"functions"},"function":{"name":"cozaUpload"},"message":"[runtime-status] [2601] Trigger \"cozaUpload\" has been found, beginning invocation!"}}
[info] i  functions: Beginning execution of "cozaUpload" {"metadata":{"emulator":{"name":"functions"},"function":{"name":"cozaUpload"},"message":"Beginning execution of \"cozaUpload\""}}
[debug] [2020-12-20T20:05:49.332Z] [runtime-status] [2601] triggerDefinition {"httpsTrigger":{},"name":"cozaUpload","entryPoint":"cozaUpload"} {"metadata":{"emulator":{"name":"functions"},"function":{"name":"cozaUpload"},"message":"[runtime-status] [2601] triggerDefinition {\"httpsTrigger\":{},\"name\":\"cozaUpload\",\"entryPoint\":\"cozaUpload\"}"}}
[debug] [2020-12-20T20:05:49.332Z] [runtime-status] [2601] Running cozaUpload in mode HTTPS {"metadata":{"emulator":{"name":"functions"},"function":{"name":"cozaUpload"},"message":"[runtime-status] [2601] Running cozaUpload in mode HTTPS"}}
[debug] [2020-12-20T20:05:49.332Z] [runtime-status] [2601] Attempting to listen to socketPath: /var/folders/0v/yclprhf548ggy5fbv90q523r0000gn/T/fire_emu_2601.sock {"metadata":{"emulator":{"name":"functions"},"function":{"name":"cozaUpload"},"message":"[runtime-status] [2601] Attempting to listen to socketPath: /var/folders/0v/yclprhf548ggy5fbv90q523r0000gn/T/fire_emu_2601.sock"}}
[debug] [2020-12-20T20:05:49.358Z] [functions] Runtime ready! Sending request! {"metadata":{"emulator":{"name":"functions"},"message":"[functions] Runtime ready! Sending request!"}}
[debug] [2020-12-20T20:05:49.365Z] [runtime-status] [2601] Ephemeral server handling GET request {"metadata":{"emulator":{"name":"functions"},"function":{"name":"cozaUpload"},"message":"[runtime-status] [2601] Ephemeral server handling GET request"}}
[debug] [2020-12-20T20:05:49.366Z] [runtime-status] [2601] Ephemeral server survived. {"metadata":{"emulator":{"name":"functions"},"function":{"name":"cozaUpload"},"message":"[runtime-status] [2601] Ephemeral server survived."}}
[info] >  cozaUpload endpoint running (Uploading Images)! {"user":"cozaUpload endpoint running (Uploading Images)!","metadata":{"emulator":{"name":"functions"},"function":{"name":"cozaUpload"},"message":"\u001b[90m> \u001b[39m cozaUpload endpoint running (Uploading Images)!"}}
[info] >  HTTP POST method required for image upload! {"user":"HTTP POST method required for image upload!","metadata":{"emulator":{"name":"functions"},"function":{"name":"cozaUpload"},"message":"\u001b[90m> \u001b[39m HTTP POST method required for image upload!"}}
[info] i  functions: Finished "cozaUpload" in ~1s {"metadata":{"emulator":{"name":"functions"},"function":{"name":"cozaUpload"},"message":"Finished \"cozaUpload\" in ~1s"}}
[debug] [2020-12-20T20:05:49.391Z] [worker-cozaUpload-df506dc6-37ed-4b69-b5fc-3ad2438dfdb7]: IDLE {"metadata":{"emulator":{"name":"functions"},"message":"[worker-cozaUpload-df506dc6-37ed-4b69-b5fc-3ad2438dfdb7]: IDLE"}}
[debug] [2020-12-20T20:05:49.392Z] [work-queue] {"queueLength":0,"workRunningCount":0}
[debug] [2020-12-20T20:06:27.172Z] [work-queue] {"queueLength":1,"workRunningCount":0}
[debug] [2020-12-20T20:06:27.172Z] [work-queue] {"queueLength":0,"workRunningCount":1}
[debug] [2020-12-20T20:06:27.172Z] Accepted request GET /oba-dce9d/us-central1/cozaUpload --> cozaUpload
[debug] [2020-12-20T20:06:27.172Z] [worker-pool] submitWork(triggerId=cozaUpload) {"metadata":{"emulator":{"name":"functions"},"message":"[worker-pool] submitWork(triggerId=cozaUpload)"}}
[debug] [2020-12-20T20:06:27.173Z] [worker-cozaUpload-df506dc6-37ed-4b69-b5fc-3ad2438dfdb7]: Assigning socketPath: /var/folders/0v/yclprhf548ggy5fbv90q523r0000gn/T/fire_emu_2601.sock {"metadata":{"emulator":{"name":"functions"},"message":"[worker-cozaUpload-df506dc6-37ed-4b69-b5fc-3ad2438dfdb7]: Assigning socketPath: /var/folders/0v/yclprhf548ggy5fbv90q523r0000gn/T/fire_emu_2601.sock"}}
[debug] [2020-12-20T20:06:27.173Z] [worker-cozaUpload-df506dc6-37ed-4b69-b5fc-3ad2438dfdb7]: BUSY {"metadata":{"emulator":{"name":"functions"},"message":"[worker-cozaUpload-df506dc6-37ed-4b69-b5fc-3ad2438dfdb7]: BUSY"}}
[debug] [2020-12-20T20:06:27.174Z] [runtime-status] [2601] Trigger "cozaUpload" has been found, beginning invocation! {"metadata":{"emulator":{"name":"functions"},"function":{"name":"cozaUpload"},"message":"[runtime-status] [2601] Trigger \"cozaUpload\" has been found, beginning invocation!"}}
[info] i  functions: Beginning execution of "cozaUpload" {"metadata":{"emulator":{"name":"functions"},"function":{"name":"cozaUpload"},"message":"Beginning execution of \"cozaUpload\""}}
[debug] [2020-12-20T20:06:27.178Z] [runtime-status] [2601] triggerDefinition {"httpsTrigger":{},"name":"cozaUpload","entryPoint":"cozaUpload"} {"metadata":{"emulator":{"name":"functions"},"function":{"name":"cozaUpload"},"message":"[runtime-status] [2601] triggerDefinition {\"httpsTrigger\":{},\"name\":\"cozaUpload\",\"entryPoint\":\"cozaUpload\"}"}}
[debug] [2020-12-20T20:06:27.178Z] [runtime-status] [2601] Running cozaUpload in mode HTTPS {"metadata":{"emulator":{"name":"functions"},"function":{"name":"cozaUpload"},"message":"[runtime-status] [2601] Running cozaUpload in mode HTTPS"}}
[debug] [2020-12-20T20:06:27.179Z] [runtime-status] [2601] Attempting to listen to socketPath: /var/folders/0v/yclprhf548ggy5fbv90q523r0000gn/T/fire_emu_2601.sock {"metadata":{"emulator":{"name":"functions"},"function":{"name":"cozaUpload"},"message":"[runtime-status] [2601] Attempting to listen to socketPath: /var/folders/0v/yclprhf548ggy5fbv90q523r0000gn/T/fire_emu_2601.sock"}}
[debug] [2020-12-20T20:06:27.206Z] [functions] Runtime ready! Sending request! {"metadata":{"emulator":{"name":"functions"},"message":"[functions] Runtime ready! Sending request!"}}
[debug] [2020-12-20T20:06:27.211Z] [runtime-status] [2601] Ephemeral server handling GET request {"metadata":{"emulator":{"name":"functions"},"function":{"name":"cozaUpload"},"message":"[runtime-status] [2601] Ephemeral server handling GET request"}}
[info] >  cozaUpload endpoint running (Uploading Images)! {"user":"cozaUpload endpoint running (Uploading Images)!","metadata":{"emulator":{"name":"functions"},"function":{"name":"cozaUpload"},"message":"\u001b[90m> \u001b[39m cozaUpload endpoint running (Uploading Images)!"}}
[info] >  HTTP POST method required for image upload! {"user":"HTTP POST method required for image upload!","metadata":{"emulator":{"name":"functions"},"function":{"name":"cozaUpload"},"message":"\u001b[90m> \u001b[39m HTTP POST method required for image upload!"}}
[debug] [2020-12-20T20:06:27.213Z] [runtime-status] [2601] Ephemeral server survived. {"metadata":{"emulator":{"name":"functions"},"function":{"name":"cozaUpload"},"message":"[runtime-status] [2601] Ephemeral server survived."}}
[info] i  functions: Finished "cozaUpload" in ~1s {"metadata":{"emulator":{"name":"functions"},"function":{"name":"cozaUpload"},"message":"Finished \"cozaUpload\" in ~1s"}}
[debug] [2020-12-20T20:06:27.215Z] [worker-cozaUpload-df506dc6-37ed-4b69-b5fc-3ad2438dfdb7]: IDLE {"metadata":{"emulator":{"name":"functions"},"message":"[worker-cozaUpload-df506dc6-37ed-4b69-b5fc-3ad2438dfdb7]: IDLE"}}
[debug] [2020-12-20T20:06:27.216Z] [work-queue] {"queueLength":0,"workRunningCount":0}
[debug] [2020-12-20T20:18:28.958Z] [work-queue] {"queueLength":1,"workRunningCount":0}
[debug] [2020-12-20T20:18:28.959Z] [work-queue] {"queueLength":0,"workRunningCount":1}
[debug] [2020-12-20T20:18:28.959Z] Accepted request GET /oba-dce9d/us-central1/cozaUpload --> cozaUpload
[debug] [2020-12-20T20:18:28.959Z] [worker-pool] submitWork(triggerId=cozaUpload) {"metadata":{"emulator":{"name":"functions"},"message":"[worker-pool] submitWork(triggerId=cozaUpload)"}}
[debug] [2020-12-20T20:18:28.960Z] [worker-cozaUpload-df506dc6-37ed-4b69-b5fc-3ad2438dfdb7]: Assigning socketPath: /var/folders/0v/yclprhf548ggy5fbv90q523r0000gn/T/fire_emu_2601.sock {"metadata":{"emulator":{"name":"functions"},"message":"[worker-cozaUpload-df506dc6-37ed-4b69-b5fc-3ad2438dfdb7]: Assigning socketPath: /var/folders/0v/yclprhf548ggy5fbv90q523r0000gn/T/fire_emu_2601.sock"}}
[debug] [2020-12-20T20:18:28.960Z] [worker-cozaUpload-df506dc6-37ed-4b69-b5fc-3ad2438dfdb7]: BUSY {"metadata":{"emulator":{"name":"functions"},"message":"[worker-cozaUpload-df506dc6-37ed-4b69-b5fc-3ad2438dfdb7]: BUSY"}}
[debug] [2020-12-20T20:18:28.963Z] [runtime-status] [2601] Trigger "cozaUpload" has been found, beginning invocation! {"metadata":{"emulator":{"name":"functions"},"function":{"name":"cozaUpload"},"message":"[runtime-status] [2601] Trigger \"cozaUpload\" has been found, beginning invocation!"}}
[info] i  functions: Beginning execution of "cozaUpload" {"metadata":{"emulator":{"name":"functions"},"function":{"name":"cozaUpload"},"message":"Beginning execution of \"cozaUpload\""}}
[debug] [2020-12-20T20:18:28.963Z] [runtime-status] [2601] triggerDefinition {"httpsTrigger":{},"name":"cozaUpload","entryPoint":"cozaUpload"} {"metadata":{"emulator":{"name":"functions"},"function":{"name":"cozaUpload"},"message":"[runtime-status] [2601] triggerDefinition {\"httpsTrigger\":{},\"name\":\"cozaUpload\",\"entryPoint\":\"cozaUpload\"}"}}
[debug] [2020-12-20T20:18:28.964Z] [runtime-status] [2601] Running cozaUpload in mode HTTPS {"metadata":{"emulator":{"name":"functions"},"function":{"name":"cozaUpload"},"message":"[runtime-status] [2601] Running cozaUpload in mode HTTPS"}}
[debug] [2020-12-20T20:18:28.970Z] [runtime-status] [2601] Attempting to listen to socketPath: /var/folders/0v/yclprhf548ggy5fbv90q523r0000gn/T/fire_emu_2601.sock {"metadata":{"emulator":{"name":"functions"},"function":{"name":"cozaUpload"},"message":"[runtime-status] [2601] Attempting to listen to socketPath: /var/folders/0v/yclprhf548ggy5fbv90q523r0000gn/T/fire_emu_2601.sock"}}
[debug] [2020-12-20T20:18:29.119Z] [functions] Runtime ready! Sending request! {"metadata":{"emulator":{"name":"functions"},"message":"[functions] Runtime ready! Sending request!"}}
[debug] [2020-12-20T20:18:29.167Z] [runtime-status] [2601] Ephemeral server handling GET request {"metadata":{"emulator":{"name":"functions"},"function":{"name":"cozaUpload"},"message":"[runtime-status] [2601] Ephemeral server handling GET request"}}
[debug] [2020-12-20T20:18:29.168Z] [runtime-status] [2601] Ephemeral server survived. {"metadata":{"emulator":{"name":"functions"},"function":{"name":"cozaUpload"},"message":"[runtime-status] [2601] Ephemeral server survived."}}
[info] >  cozaUpload endpoint running (Uploading Images)! {"user":"cozaUpload endpoint running (Uploading Images)!","metadata":{"emulator":{"name":"functions"},"function":{"name":"cozaUpload"},"message":"\u001b[90m> \u001b[39m cozaUpload endpoint running (Uploading Images)!"}}
[info] >  HTTP POST method required for image upload! {"user":"HTTP POST method required for image upload!","metadata":{"emulator":{"name":"functions"},"function":{"name":"cozaUpload"},"message":"\u001b[90m> \u001b[39m HTTP POST method required for image upload!"}}
[info] i  functions: Finished "cozaUpload" in ~1s {"metadata":{"emulator":{"name":"functions"},"function":{"name":"cozaUpload"},"message":"Finished \"cozaUpload\" in ~1s"}}
[debug] [2020-12-20T20:18:29.175Z] [worker-cozaUpload-df506dc6-37ed-4b69-b5fc-3ad2438dfdb7]: IDLE {"metadata":{"emulator":{"name":"functions"},"message":"[worker-cozaUpload-df506dc6-37ed-4b69-b5fc-3ad2438dfdb7]: IDLE"}}
[debug] [2020-12-20T20:18:29.175Z] [work-queue] {"queueLength":0,"workRunningCount":0}
[debug] [2020-12-20T20:19:53.962Z] [work-queue] {"queueLength":1,"workRunningCount":0}
[debug] [2020-12-20T20:19:53.963Z] [work-queue] {"queueLength":0,"workRunningCount":1}
[debug] [2020-12-20T20:19:53.963Z] Accepted request GET /oba-dce9d/us-central1/cozaUpload --> cozaUpload
[debug] [2020-12-20T20:19:53.963Z] [worker-pool] submitWork(triggerId=cozaUpload) {"metadata":{"emulator":{"name":"functions"},"message":"[worker-pool] submitWork(triggerId=cozaUpload)"}}
[debug] [2020-12-20T20:19:53.963Z] [worker-cozaUpload-df506dc6-37ed-4b69-b5fc-3ad2438dfdb7]: Assigning socketPath: /var/folders/0v/yclprhf548ggy5fbv90q523r0000gn/T/fire_emu_2601.sock {"metadata":{"emulator":{"name":"functions"},"message":"[worker-cozaUpload-df506dc6-37ed-4b69-b5fc-3ad2438dfdb7]: Assigning socketPath: /var/folders/0v/yclprhf548ggy5fbv90q523r0000gn/T/fire_emu_2601.sock"}}
[debug] [2020-12-20T20:19:53.963Z] [worker-cozaUpload-df506dc6-37ed-4b69-b5fc-3ad2438dfdb7]: BUSY {"metadata":{"emulator":{"name":"functions"},"message":"[worker-cozaUpload-df506dc6-37ed-4b69-b5fc-3ad2438dfdb7]: BUSY"}}
[debug] [2020-12-20T20:19:53.964Z] [runtime-status] [2601] Trigger "cozaUpload" has been found, beginning invocation! {"metadata":{"emulator":{"name":"functions"},"function":{"name":"cozaUpload"},"message":"[runtime-status] [2601] Trigger \"cozaUpload\" has been found, beginning invocation!"}}
[info] i  functions: Beginning execution of "cozaUpload" {"metadata":{"emulator":{"name":"functions"},"function":{"name":"cozaUpload"},"message":"Beginning execution of \"cozaUpload\""}}
[debug] [2020-12-20T20:19:53.965Z] [runtime-status] [2601] triggerDefinition {"httpsTrigger":{},"name":"cozaUpload","entryPoint":"cozaUpload"} {"metadata":{"emulator":{"name":"functions"},"function":{"name":"cozaUpload"},"message":"[runtime-status] [2601] triggerDefinition {\"httpsTrigger\":{},\"name\":\"cozaUpload\",\"entryPoint\":\"cozaUpload\"}"}}
[debug] [2020-12-20T20:19:53.965Z] [runtime-status] [2601] Running cozaUpload in mode HTTPS {"metadata":{"emulator":{"name":"functions"},"function":{"name":"cozaUpload"},"message":"[runtime-status] [2601] Running cozaUpload in mode HTTPS"}}
[debug] [2020-12-20T20:19:53.965Z] [runtime-status] [2601] Attempting to listen to socketPath: /var/folders/0v/yclprhf548ggy5fbv90q523r0000gn/T/fire_emu_2601.sock {"metadata":{"emulator":{"name":"functions"},"function":{"name":"cozaUpload"},"message":"[runtime-status] [2601] Attempting to listen to socketPath: /var/folders/0v/yclprhf548ggy5fbv90q523r0000gn/T/fire_emu_2601.sock"}}
[debug] [2020-12-20T20:19:53.983Z] [functions] Runtime ready! Sending request! {"metadata":{"emulator":{"name":"functions"},"message":"[functions] Runtime ready! Sending request!"}}
[debug] [2020-12-20T20:19:53.987Z] [runtime-status] [2601] Ephemeral server handling GET request {"metadata":{"emulator":{"name":"functions"},"function":{"name":"cozaUpload"},"message":"[runtime-status] [2601] Ephemeral server handling GET request"}}
[info] >  cozaUpload endpoint running (Uploading Images)! {"user":"cozaUpload endpoint running (Uploading Images)!","metadata":{"emulator":{"name":"functions"},"function":{"name":"cozaUpload"},"message":"\u001b[90m> \u001b[39m cozaUpload endpoint running (Uploading Images)!"}}
[info] >  HTTP POST method required for image upload! {"user":"HTTP POST method required for image upload!","metadata":{"emulator":{"name":"functions"},"function":{"name":"cozaUpload"},"message":"\u001b[90m> \u001b[39m HTTP POST method required for image upload!"}}
[debug] [2020-12-20T20:19:53.993Z] [runtime-status] [2601] Ephemeral server survived. {"metadata":{"emulator":{"name":"functions"},"function":{"name":"cozaUpload"},"message":"[runtime-status] [2601] Ephemeral server survived."}}
[info] i  functions: Finished "cozaUpload" in ~1s {"metadata":{"emulator":{"name":"functions"},"function":{"name":"cozaUpload"},"message":"Finished \"cozaUpload\" in ~1s"}}
[debug] [2020-12-20T20:19:53.996Z] [worker-cozaUpload-df506dc6-37ed-4b69-b5fc-3ad2438dfdb7]: IDLE {"metadata":{"emulator":{"name":"functions"},"message":"[worker-cozaUpload-df506dc6-37ed-4b69-b5fc-3ad2438dfdb7]: IDLE"}}
[debug] [2020-12-20T20:19:53.997Z] [work-queue] {"queueLength":0,"workRunningCount":0}
[debug] [2020-12-20T20:20:42.443Z] [work-queue] {"queueLength":1,"workRunningCount":0}
[debug] [2020-12-20T20:20:42.443Z] [work-queue] {"queueLength":0,"workRunningCount":1}
[debug] [2020-12-20T20:20:42.443Z] Accepted request GET /oba-dce9d/us-central1/cozaUpload --> cozaUpload
[debug] [2020-12-20T20:20:42.444Z] [worker-pool] submitWork(triggerId=cozaUpload) {"metadata":{"emulator":{"name":"functions"},"message":"[worker-pool] submitWork(triggerId=cozaUpload)"}}
[debug] [2020-12-20T20:20:42.444Z] [worker-cozaUpload-df506dc6-37ed-4b69-b5fc-3ad2438dfdb7]: Assigning socketPath: /var/folders/0v/yclprhf548ggy5fbv90q523r0000gn/T/fire_emu_2601.sock {"metadata":{"emulator":{"name":"functions"},"message":"[worker-cozaUpload-df506dc6-37ed-4b69-b5fc-3ad2438dfdb7]: Assigning socketPath: /var/folders/0v/yclprhf548ggy5fbv90q523r0000gn/T/fire_emu_2601.sock"}}
[debug] [2020-12-20T20:20:42.445Z] [worker-cozaUpload-df506dc6-37ed-4b69-b5fc-3ad2438dfdb7]: BUSY {"metadata":{"emulator":{"name":"functions"},"message":"[worker-cozaUpload-df506dc6-37ed-4b69-b5fc-3ad2438dfdb7]: BUSY"}}
[debug] [2020-12-20T20:20:42.447Z] [runtime-status] [2601] Trigger "cozaUpload" has been found, beginning invocation! {"metadata":{"emulator":{"name":"functions"},"function":{"name":"cozaUpload"},"message":"[runtime-status] [2601] Trigger \"cozaUpload\" has been found, beginning invocation!"}}
[info] i  functions: Beginning execution of "cozaUpload" {"metadata":{"emulator":{"name":"functions"},"function":{"name":"cozaUpload"},"message":"Beginning execution of \"cozaUpload\""}}
[debug] [2020-12-20T20:20:42.448Z] [runtime-status] [2601] triggerDefinition {"httpsTrigger":{},"name":"cozaUpload","entryPoint":"cozaUpload"} {"metadata":{"emulator":{"name":"functions"},"function":{"name":"cozaUpload"},"message":"[runtime-status] [2601] triggerDefinition {\"httpsTrigger\":{},\"name\":\"cozaUpload\",\"entryPoint\":\"cozaUpload\"}"}}
[debug] [2020-12-20T20:20:42.448Z] [runtime-status] [2601] Running cozaUpload in mode HTTPS {"metadata":{"emulator":{"name":"functions"},"function":{"name":"cozaUpload"},"message":"[runtime-status] [2601] Running cozaUpload in mode HTTPS"}}
[debug] [2020-12-20T20:20:42.448Z] [runtime-status] [2601] Attempting to listen to socketPath: /var/folders/0v/yclprhf548ggy5fbv90q523r0000gn/T/fire_emu_2601.sock {"metadata":{"emulator":{"name":"functions"},"function":{"name":"cozaUpload"},"message":"[runtime-status] [2601] Attempting to listen to socketPath: /var/folders/0v/yclprhf548ggy5fbv90q523r0000gn/T/fire_emu_2601.sock"}}
[debug] [2020-12-20T20:20:42.450Z] [functions] Runtime ready! Sending request! {"metadata":{"emulator":{"name":"functions"},"message":"[functions] Runtime ready! Sending request!"}}
[debug] [2020-12-20T20:20:42.462Z] [runtime-status] [2601] Ephemeral server handling GET request {"metadata":{"emulator":{"name":"functions"},"function":{"name":"cozaUpload"},"message":"[runtime-status] [2601] Ephemeral server handling GET request"}}
[debug] [2020-12-20T20:20:42.462Z] [runtime-status] [2601] Ephemeral server survived. {"metadata":{"emulator":{"name":"functions"},"function":{"name":"cozaUpload"},"message":"[runtime-status] [2601] Ephemeral server survived."}}
[info] >  cozaUpload endpoint running (Uploading Images)! {"user":"cozaUpload endpoint running (Uploading Images)!","metadata":{"emulator":{"name":"functions"},"function":{"name":"cozaUpload"},"message":"\u001b[90m> \u001b[39m cozaUpload endpoint running (Uploading Images)!"}}
[info] >  HTTP POST method required for image upload! {"user":"HTTP POST method required for image upload!","metadata":{"emulator":{"name":"functions"},"function":{"name":"cozaUpload"},"message":"\u001b[90m> \u001b[39m HTTP POST method required for image upload!"}}
[info] i  functions: Finished "cozaUpload" in ~1s {"metadata":{"emulator":{"name":"functions"},"function":{"name":"cozaUpload"},"message":"Finished \"cozaUpload\" in ~1s"}}
[debug] [2020-12-20T20:20:42.470Z] [worker-cozaUpload-df506dc6-37ed-4b69-b5fc-3ad2438dfdb7]: IDLE {"metadata":{"emulator":{"name":"functions"},"message":"[worker-cozaUpload-df506dc6-37ed-4b69-b5fc-3ad2438dfdb7]: IDLE"}}
[debug] [2020-12-20T20:20:42.470Z] [work-queue] {"queueLength":0,"workRunningCount":0}
